<?xml version="1.0" encoding="UTF-8"?>
<!-- Generated by org.testng.reporters.JUnitReportReporter -->
<testsuite skipped="0" hostname="SREE-PC" name="Academy.HomePage" tests="2" failures="0" timestamp="2019-12-07T15:03:38 GMT" time="31.689" errors="0">
  <testcase name="basepagenavigation" time="15.204" classname="Academy.HomePage"/>
  <testcase name="basepagenavigation" time="16.485" classname="Academy.HomePage"/>
</testsuite> <!-- Academy.HomePage -->
