<?xml version="1.0" encoding="UTF-8"?>
<!-- Generated by org.testng.reporters.JUnitReportReporter -->
<testsuite skipped="0" hostname="SREE-PC" name="Academy.ValidateTitle" tests="1" failures="0" timestamp="2020-01-13T14:19:55 GMT" time="0.181" errors="0">
  <testcase name="validateText" time="0.181" classname="Academy.ValidateTitle"/>
</testsuite> <!-- Academy.ValidateTitle -->
