<?xml version="1.0" encoding="UTF-8"?>
<!-- Generated by org.testng.reporters.JUnitReportReporter -->
<testsuite skipped="0" hostname="SREE-PC" name="Academy.HomePage" tests="2" failures="0" timestamp="2020-01-13T14:36:47 GMT" time="67.684" errors="0">
  <testcase name="basepagenavigation" time="17.414" classname="Academy.HomePage"/>
  <testcase name="basepagenavigation" time="50.270" classname="Academy.HomePage"/>
</testsuite> <!-- Academy.HomePage -->
